<?xml version="1.0" encoding="UTF-8"?>
<!-- Generated by org.testng.reporters.JUnitReportReporter -->
<testsuite skipped="0" hostname="DESKTOP-GM20KQQ" name="testng.GropingClass" tests="4" failures="0" timestamp="2021-06-13T11:12:25 IST" time="0.023" errors="0">
  <testcase name="testcase1" time="0.003" classname="testng.GropingClass"/>
  <system-out/>
  <testcase name="testcase2" time="0.002" classname="testng.GropingClass"/>
  <system-out/>
  <testcase name="testcase" time="0.016" classname="testng.GropingClass"/>
  <system-out/>
  <testcase name="testcase3" time="0.002" classname="testng.GropingClass"/>
  <system-out/>
</testsuite> <!-- testng.GropingClass -->
