<?xml version="1.0" encoding="UTF-8"?>
<!-- Generated by org.testng.reporters.JUnitReportReporter -->
<testsuite skipped="0" hostname="DESKTOP-GM20KQQ" name="testng.IfElseBrowserClass" tests="1" failures="0" timestamp="2021-06-13T09:58:27 IST" time="89.937" errors="0">
  <testcase name="testcase" time="89.937" classname="testng.IfElseBrowserClass"/>
  <system-out/>
</testsuite> <!-- testng.IfElseBrowserClass -->
