<?xml version="1.0" encoding="UTF-8"?>
<!-- Generated by org.testng.reporters.JUnitReportReporter -->
<testsuite skipped="0" hostname="DESKTOP-GM20KQQ" name="dataprovider.DataProviderClass" tests="5" failures="0" timestamp="2021-06-13T11:01:27 IST" time="0.024" errors="0">
  <testcase name="testNew" time="0.002" classname="dataprovider.DataProviderClass"/>
  <system-out/>
  <testcase name="testNew" time="0.002" classname="dataprovider.DataProviderClass"/>
  <system-out/>
  <testcase name="test" time="0.016" classname="dataprovider.DataProviderClass"/>
  <system-out/>
  <testcase name="testNew" time="0.002" classname="dataprovider.DataProviderClass"/>
  <system-out/>
  <testcase name="test" time="0.002" classname="dataprovider.DataProviderClass"/>
  <system-out/>
</testsuite> <!-- dataprovider.DataProviderClass -->
