<?xml version="1.0" encoding="UTF-8"?>
<!-- Generated by org.testng.reporters.JUnitReportReporter -->
<testsuite skipped="0" hostname="DESKTOP-GM20KQQ" name="para.ChromeClass" tests="2" failures="0" timestamp="2021-06-13T10:13:49 IST" time="92.985" errors="0">
  <testcase name="firefoxeMethod" time="45.894" classname="para.ChromeClass"/>
  <system-out/>
  <testcase name="chromeMethod" time="47.091" classname="para.ChromeClass"/>
  <system-out/>
</testsuite> <!-- para.ChromeClass -->
