<?xml version="1.0" encoding="UTF-8"?>
<!-- Generated by org.testng.reporters.JUnitReportReporter -->
<testsuite skipped="0" hostname="DESKTOP-GM20KQQ" name="action.ActionClass" tests="1" failures="0" timestamp="2021-06-26T09:16:19 IST" time="21.523" errors="0">
  <testcase name="testMethod" time="21.523" classname="action.ActionClass"/>
  <system-out/>
</testsuite> <!-- action.ActionClass -->
