<?xml version="1.0" encoding="UTF-8"?>
<!-- Generated by org.testng.reporters.JUnitReportReporter -->
<testsuite skipped="0" hostname="DESKTOP-GM20KQQ" name="xpath.XpathClass" tests="1" failures="0" timestamp="2021-06-20T10:20:43 IST" time="37.072" errors="0">
  <testcase name="setup" time="37.072" classname="xpath.XpathClass"/>
  <system-out/>
</testsuite> <!-- xpath.XpathClass -->
