<?xml version="1.0" encoding="UTF-8"?>
<!-- Generated by org.testng.reporters.JUnitReportReporter -->
<testsuite skipped="0" hostname="DESKTOP-GM20KQQ" name="testng.TestNGClass" tests="2" failures="0" timestamp="2021-06-12T10:59:21 IST" time="0.041" errors="0">
  <testcase name="testCase2" time="0.006" classname="testng.TestNGClass"/>
  <system-out/>
  <testcase name="testCase" time="0.035" classname="testng.TestNGClass"/>
  <system-out/>
</testsuite> <!-- testng.TestNGClass -->
