<?xml version="1.0" encoding="UTF-8"?>
<!-- Generated by org.testng.reporters.JUnitReportReporter -->
<testsuite skipped="0" hostname="DESKTOP-GM20KQQ" name="testng.EnableDisableClass" tests="1" failures="0" timestamp="2021-06-13T09:05:50 IST" time="0.023" errors="0">
  <testcase name="testcase1" time="0.023" classname="testng.EnableDisableClass"/>
  <system-out/>
</testsuite> <!-- testng.EnableDisableClass -->
